<?xml version="1.0" encoding="UTF-8"?>
<!-- Generated by org.testng.reporters.JUnitXMLReporter -->
<testsuite ignored="0" hostname="LPPPhatNH8" failures="0" tests="2" name="Run on Chrome" time="24.014" errors="0" timestamp="31 Jul 2022 09:29:40 GMT">
  <testcase classname="NewCustomer.New_Customer_01" name="New_Customer_01_Verify_Name_Field" time="5.957"/>
  <testcase classname="NewCustomer.New_Customer_01" name="New_Customer_02_Verify_City_Field" time="2.679"/>
</testsuite> <!-- Run on Chrome -->
