<?xml version="1.0" encoding="UTF-8"?>
<!-- Generated by org.testng.reporters.JUnitXMLReporter -->
<testsuite ignored="0" hostname="dicphatnguyen" failures="1" tests="1" name="Run on Firefox" time="32.477" errors="0" timestamp="16 Mar 2022 06:37:53 GMT">
  <testcase classname="NewCustomer.New_Customer_01" name="New_Customer_01_Verify_Name_Field" time="2.749">
    <failure type="java.lang.AssertionError" message="expected [First character can not be space...] but found [First character can not have space]">
      <![CDATA[java.lang.AssertionError: expected [First character can not be space...] but found [First character can not have space]
at commons.BaseTest.verifyEquals(BaseTest.java:182)
at NewCustomer.New_Customer_01.New_Customer_01_Verify_Name_Field(New_Customer_01.java:72)
... Removed 34 stack frames]]>
    </failure>
  </testcase> <!-- New_Customer_01_Verify_Name_Field -->
</testsuite> <!-- Run on Firefox -->
