<?xml version="1.0" encoding="UTF-8"?>
<testng-results ignored="0" total="2" passed="2" failed="0" skipped="0">
  <reporter-output>
  </reporter-output>
  <suite started-at="2022-08-01T15:26:26Z" name="NewCustomer" finished-at="2022-08-01T15:26:56Z" duration-ms="29612">
    <groups>
    </groups>
    <test started-at="2022-08-01T15:26:26Z" name="Run on Chrome" finished-at="2022-08-01T15:26:56Z" duration-ms="29612">
      <class name="NewCustomer.New_Customer_01">
        <test-method is-config="true" signature="beforeClass(java.lang.String, java.lang.String)[pri:0, instance:NewCustomer.New_Customer_01@71238fc2]" started-at="2022-08-01T15:26:26Z" name="beforeClass" finished-at="2022-08-01T15:26:43Z" duration-ms="16587" status="PASS">
          <params>
            <param index="0">
              <value>
                <![CDATA[chrome]]>
              </value>
            </param>
            <param index="1">
              <value>
                <![CDATA[https://demo.guru99.com]]>
              </value>
            </param>
          </params>
          <reporter-output>
          </reporter-output>
        </test-method> <!-- beforeClass -->
        <test-method signature="New_Customer_01_Verify_Name_Field(java.lang.reflect.Method)[pri:0, instance:NewCustomer.New_Customer_01@71238fc2]" started-at="2022-08-01T15:26:43Z" name="New_Customer_01_Verify_Name_Field" finished-at="2022-08-01T15:26:52Z" duration-ms="8859" status="PASS">
          <params>
            <param index="0">
              <value>
                <![CDATA[public void NewCustomer.New_Customer_01.New_Customer_01_Verify_Name_Field(java.lang.reflect.Method)]]>
              </value>
            </param>
          </params>
          <reporter-output>
          </reporter-output>
        </test-method> <!-- New_Customer_01_Verify_Name_Field -->
        <test-method signature="New_Customer_02_Verify_City_Field(java.lang.reflect.Method)[pri:0, instance:NewCustomer.New_Customer_01@71238fc2]" started-at="2022-08-01T15:26:52Z" name="New_Customer_02_Verify_City_Field" finished-at="2022-08-01T15:26:54Z" duration-ms="2870" status="PASS">
          <params>
            <param index="0">
              <value>
                <![CDATA[public void NewCustomer.New_Customer_01.New_Customer_02_Verify_City_Field(java.lang.reflect.Method)]]>
              </value>
            </param>
          </params>
          <reporter-output>
          </reporter-output>
        </test-method> <!-- New_Customer_02_Verify_City_Field -->
        <test-method is-config="true" signature="afterClass()[pri:0, instance:NewCustomer.New_Customer_01@71238fc2]" started-at="2022-08-01T15:26:54Z" name="afterClass" finished-at="2022-08-01T15:26:56Z" duration-ms="1272" status="PASS">
          <reporter-output>
          </reporter-output>
        </test-method> <!-- afterClass -->
      </class> <!-- NewCustomer.New_Customer_01 -->
    </test> <!-- Run on Chrome -->
  </suite> <!-- NewCustomer -->
</testng-results>
