<?xml version="1.0" encoding="UTF-8"?>
<testsuite xmlns:xsi="http://www.w3.org/2001/XMLSchema-instance" xsi:noNamespaceSchemaLocation="https://maven.apache.org/surefire/maven-surefire-plugin/xsd/surefire-test-report.xsd" name="TestSuite" time="31.314" tests="2" errors="0" skipped="0" failures="0">
  <properties>
[...]
</properties>
  <testcase name="New_Customer_01_Verify_Name_Field" classname="NewCustomer.New_Customer_01" time="8.861"/>
  <testcase name="New_Customer_02_Verify_City_Field" classname="NewCustomer.New_Customer_01" time="2.866"/>
</testsuite>